<?xml version="1.0" encoding="UTF-8"?>
<testsuite name="tests.LoginTests" tests="2" skipped="0" failures="0" errors="0" timestamp="2023-07-21T08:35:15" hostname="SASHA" time="22.342">
  <properties/>
  <testcase name="LoginPositTestBase" classname="tests.LoginTests" time="11.147"/>
  <testcase name="LoginPositTestBaseLombok" classname="tests.LoginTests" time="10.946"/>
  <system-out><![CDATA[]]></system-out>
  <system-err><![CDATA[console.warn: LoginRecipes: "Falling back to a synchronous message for: https://telranedu.web.app."
console.warn: LoginRecipes: "Falling back to a synchronous message for: https://telranedu.web.app."
]]></system-err>
</testsuite>
